c:\users\kayla\documents\visual studio 2015\projects\mahjong\mahjong\x64\debug\vc140.pdb
c:\users\kayla\documents\visual studio 2015\projects\mahjong\mahjong\x64\debug\vc140.idb
c:\users\kayla\documents\visual studio 2015\projects\mahjong\mahjong\x64\debug\aiplayer.nativecodeanalysis.xml
c:\users\kayla\documents\visual studio 2015\projects\mahjong\mahjong\x64\debug\draw.nativecodeanalysis.xml
c:\users\kayla\documents\visual studio 2015\projects\mahjong\mahjong\x64\debug\game.nativecodeanalysis.xml
c:\users\kayla\documents\visual studio 2015\projects\mahjong\mahjong\x64\debug\handevaluator.nativecodeanalysis.xml
c:\users\kayla\documents\visual studio 2015\projects\mahjong\mahjong\x64\debug\humanplayer.nativecodeanalysis.xml
c:\users\kayla\documents\visual studio 2015\projects\mahjong\mahjong\x64\debug\main.nativecodeanalysis.xml
c:\users\kayla\documents\visual studio 2015\projects\mahjong\mahjong\x64\debug\obj.nativecodeanalysis.xml
c:\users\kayla\documents\visual studio 2015\projects\mahjong\mahjong\x64\debug\player.nativecodeanalysis.xml
c:\users\kayla\documents\visual studio 2015\projects\mahjong\mahjong\x64\debug\status.nativecodeanalysis.xml
c:\users\kayla\documents\visual studio 2015\projects\mahjong\mahjong\x64\debug\tile.nativecodeanalysis.xml
c:\users\kayla\documents\visual studio 2015\projects\mahjong\mahjong\x64\debug\tiledealer.nativecodeanalysis.xml
c:\users\kayla\documents\visual studio 2015\projects\mahjong\mahjong\x64\debug\turn.nativecodeanalysis.xml
c:\users\kayla\documents\visual studio 2015\projects\mahjong\mahjong\x64\debug\turn.obj
c:\users\kayla\documents\visual studio 2015\projects\mahjong\mahjong\x64\debug\tiledealer.obj
c:\users\kayla\documents\visual studio 2015\projects\mahjong\mahjong\x64\debug\tile.obj
c:\users\kayla\documents\visual studio 2015\projects\mahjong\mahjong\x64\debug\status.obj
c:\users\kayla\documents\visual studio 2015\projects\mahjong\mahjong\x64\debug\player.obj
c:\users\kayla\documents\visual studio 2015\projects\mahjong\mahjong\x64\debug\obj.obj
c:\users\kayla\documents\visual studio 2015\projects\mahjong\mahjong\x64\debug\main.obj
c:\users\kayla\documents\visual studio 2015\projects\mahjong\mahjong\x64\debug\humanplayer.obj
c:\users\kayla\documents\visual studio 2015\projects\mahjong\mahjong\x64\debug\handevaluator.obj
c:\users\kayla\documents\visual studio 2015\projects\mahjong\mahjong\x64\debug\game.obj
c:\users\kayla\documents\visual studio 2015\projects\mahjong\mahjong\x64\debug\draw.obj
c:\users\kayla\documents\visual studio 2015\projects\mahjong\mahjong\x64\debug\aiplayer.obj
c:\users\kayla\documents\visual studio 2015\projects\mahjong\x64\debug\mahjong.ilk
c:\users\kayla\documents\visual studio 2015\projects\mahjong\x64\debug\mahjong.exe
c:\users\kayla\documents\visual studio 2015\projects\mahjong\x64\debug\mahjong.pdb
c:\users\kayla\documents\visual studio 2015\projects\mahjong\mahjong\x64\debug\nativecodeanalysis.read.1.tlog
c:\users\kayla\documents\visual studio 2015\projects\mahjong\mahjong\x64\debug\vc.nativecodeanalysis.all.xml
c:\users\kayla\documents\visual studio 2015\projects\mahjong\x64\debug\mahjong.exe.lastcodeanalysissucceeded
c:\users\kayla\documents\visual studio 2015\projects\mahjong\mahjong\x64\debug\mahjong.tlog\cl.command.1.tlog
c:\users\kayla\documents\visual studio 2015\projects\mahjong\mahjong\x64\debug\mahjong.tlog\cl.read.1.tlog
c:\users\kayla\documents\visual studio 2015\projects\mahjong\mahjong\x64\debug\mahjong.tlog\cl.write.1.tlog
c:\users\kayla\documents\visual studio 2015\projects\mahjong\mahjong\x64\debug\mahjong.tlog\link.command.1.tlog
c:\users\kayla\documents\visual studio 2015\projects\mahjong\mahjong\x64\debug\mahjong.tlog\link.read.1.tlog
c:\users\kayla\documents\visual studio 2015\projects\mahjong\mahjong\x64\debug\mahjong.tlog\link.write.1.tlog
