c:\users\kayla\documents\visual studio 2015\projects\mahjong\mahjong\debug\vc140.pdb
c:\users\kayla\documents\visual studio 2015\projects\mahjong\mahjong\debug\vc140.idb
c:\users\kayla\documents\visual studio 2015\projects\mahjong\mahjong\debug\aiplayer.obj
c:\users\kayla\documents\visual studio 2015\projects\mahjong\mahjong\debug\draw.obj
c:\users\kayla\documents\visual studio 2015\projects\mahjong\mahjong\debug\game.obj
c:\users\kayla\documents\visual studio 2015\projects\mahjong\mahjong\debug\handevaluator.obj
c:\users\kayla\documents\visual studio 2015\projects\mahjong\mahjong\debug\humanplayer.obj
c:\users\kayla\documents\visual studio 2015\projects\mahjong\mahjong\debug\main.obj
c:\users\kayla\documents\visual studio 2015\projects\mahjong\mahjong\debug\obj.obj
c:\users\kayla\documents\visual studio 2015\projects\mahjong\mahjong\debug\player.obj
c:\users\kayla\documents\visual studio 2015\projects\mahjong\mahjong\debug\status.obj
c:\users\kayla\documents\visual studio 2015\projects\mahjong\mahjong\debug\tile.obj
c:\users\kayla\documents\visual studio 2015\projects\mahjong\mahjong\debug\tiledealer.obj
c:\users\kayla\documents\visual studio 2015\projects\mahjong\mahjong\debug\turn.obj
c:\users\kayla\documents\visual studio 2015\projects\mahjong\debug\mahjong.ilk
c:\users\kayla\documents\visual studio 2015\projects\mahjong\debug\mahjong.exe
c:\users\kayla\documents\visual studio 2015\projects\mahjong\debug\mahjong.pdb
c:\users\kayla\documents\visual studio 2015\projects\mahjong\mahjong\debug\mahjong.tlog\cl.command.1.tlog
c:\users\kayla\documents\visual studio 2015\projects\mahjong\mahjong\debug\mahjong.tlog\cl.read.1.tlog
c:\users\kayla\documents\visual studio 2015\projects\mahjong\mahjong\debug\mahjong.tlog\cl.write.1.tlog
c:\users\kayla\documents\visual studio 2015\projects\mahjong\mahjong\debug\mahjong.tlog\link.command.1.tlog
c:\users\kayla\documents\visual studio 2015\projects\mahjong\mahjong\debug\mahjong.tlog\link.read.1.tlog
c:\users\kayla\documents\visual studio 2015\projects\mahjong\mahjong\debug\mahjong.tlog\link.write.1.tlog
