Build started 2/17/2016 11:46:33 AM.
     1>Project "C:\Users\Kayla\documents\visual studio 2015\Projects\Mahjong\Mahjong\Mahjong.vcxproj" on node 2 (Build target(s)).
     1>ClCompile:
         C:\Program Files (x86)\Microsoft Visual Studio 14.0\VC\bin\CL.exe /c /I"C:\Program Files (x86)\Visual Leak Detector\include" /I"C:\Users\Kayla\Downloads\poco-1.6.1\poco-1.6.1\Foundation\include" /I"C:\Users\Kayla\Downloads\poco-1.6.1\poco-1.6.1\XML\include" /I"C:\Users\Kayla\Downloads\poco-1.6.1\poco-1.6.1\Net\include" /I"C:\Users\Kayla\documents\visual studio 2015\Projects\Mahjong\\" /ZI /nologo /W3 /WX- /Od /Oy- /D WIN32 /D _DEBUG /D _CONSOLE /D _UNICODE /D UNICODE /Gm /EHsc /RTC1 /MDd /GS /fp:precise /Zc:wchar_t /Zc:forScope /Zc:inline /Fo"Debug\\" /Fd"Debug\vc140.pdb" /Gd /TP /analyze- /errorReport:prompt ..\..\..\..\Quarto\Mahjong\main.cpp
         main.cpp
       Link:
         C:\Program Files (x86)\Microsoft Visual Studio 14.0\VC\bin\link.exe /ERRORREPORT:PROMPT /OUT:"C:\Users\Kayla\documents\visual studio 2015\Projects\Mahjong\Debug\Mahjong.exe" /INCREMENTAL /NOLOGO /LIBPATH:"C:\Users\Kayla\Downloads\soil\Simple OpenGL Image Library\projects\VC8\Debug" /LIBPATH:"C:\Users\Kayla\Downloads\poco-1.6.1\poco-1.6.1\lib" /LIBPATH:"C:\Program Files (x86)\Visual Leak Detector\lib\Win32" opengl32.lib glu32.lib glut32.lib SOIL.lib PocoFoundation.lib PocoFoundationd.lib PocoNet.lib PocoNetd.lib kernel32.lib user32.lib gdi32.lib winspool.lib comdlg32.lib advapi32.lib shell32.lib ole32.lib oleaut32.lib uuid.lib odbc32.lib odbccp32.lib kernel32.lib user32.lib gdi32.lib winspool.lib comdlg32.lib advapi32.lib shell32.lib ole32.lib oleaut32.lib uuid.lib odbc32.lib odbccp32.lib /MANIFEST /MANIFESTUAC:"level='asInvoker' uiAccess='false'" /manifest:embed /Debug /PDB:"C:\Users\Kayla\documents\visual studio 2015\Projects\Mahjong\Debug\Mahjong.pdb" /SUBSYSTEM:CONSOLE /TLBID:1 /DYNAMICBASE /NXCOMPAT /IMPLIB:"C:\Users\Kayla\documents\visual studio 2015\Projects\Mahjong\Debug\Mahjong.lib" /MACHINE:X86 Debug\AIPlayer.obj
         Debug\Draw.obj
         Debug\Game.obj
         Debug\HandEvaluator.obj
         Debug\HumanPlayer.obj
         Debug\main.obj
         Debug\Obj.obj
         Debug\Player.obj
         Debug\Status.obj
         Debug\Tile.obj
         Debug\TileDealer.obj
         Debug\Turn.obj
         Mahjong.vcxproj -> C:\Users\Kayla\documents\visual studio 2015\Projects\Mahjong\Debug\Mahjong.exe
     1>Done Building Project "C:\Users\Kayla\documents\visual studio 2015\Projects\Mahjong\Mahjong\Mahjong.vcxproj" (Build target(s)).

Build succeeded.

Time Elapsed 00:00:14.29
